<?xml version="1.0" encoding="UTF-8"?>
<!-- Generated by org.testng.reporters.JUnitReportReporter -->
<testsuite hostname="DESKTOP-0U53EI1" name="Academy.Clickonlink" tests="1" failures="0" timestamp="13 Apr 2020 02:44:44 GMT" time="8.185" errors="0">
  <testcase name="clicklink" time="8.185" classname="Academy.Clickonlink"/>
</testsuite> <!-- Academy.Clickonlink -->
